<?xml version="1.0" encoding="UTF-8"?>
<testng-results ignored="2" total="3" passed="1" failed="0" skipped="0">
  <reporter-output>
  </reporter-output>
  <suite started-at="2021-05-23T13:58:57Z" name="Default suite" finished-at="2021-05-23T13:59:09Z" duration-ms="12874">
    <groups>
    </groups>
    <test started-at="2021-05-23T13:58:57Z" name="Default test" finished-at="2021-05-23T13:59:09Z" duration-ms="12874">
      <class name="test.LoginTest">
        <test-method is-config="true" signature="setup()[pri:0, instance:test.LoginTest@616ac46a]" started-at="2021-05-23T13:58:57Z" name="setup" finished-at="2021-05-23T13:59:02Z" duration-ms="5537" status="PASS">
          <reporter-output>
          </reporter-output>
        </test-method> <!-- setup -->
        <test-method signature="loginExcel()[pri:0, instance:test.LoginTest@616ac46a]" started-at="2021-05-23T13:59:02Z" name="loginExcel" finished-at="2021-05-23T13:59:09Z" duration-ms="6365" status="PASS">
          <reporter-output>
          </reporter-output>
        </test-method> <!-- loginExcel -->
        <test-method is-config="true" signature="teardown()[pri:0, instance:test.LoginTest@616ac46a]" started-at="2021-05-23T13:59:09Z" name="teardown" finished-at="2021-05-23T13:59:09Z" duration-ms="954" status="PASS">
          <reporter-output>
          </reporter-output>
        </test-method> <!-- teardown -->
      </class> <!-- test.LoginTest -->
    </test> <!-- Default test -->
  </suite> <!-- Default suite -->
</testng-results>
